<?xml version="1.0" encoding="UTF-8"?>
<!-- Generated by org.testng.reporters.JUnitXMLReporter -->
<testsuite ignored="0" hostname="DESKTOP-KN0OTFM" failures="0" tests="4" name="Default test" time="8.959" errors="0" timestamp="2024-03-04T10:23:28 IST">
  <testcase classname="apiTestCases.UserTest" name="testCreateUser" time="3.177"/>
  <testcase classname="apiTestCases.UserTest" name="testGetUserData" time="1.355"/>
  <testcase classname="apiTestCases.UserTest" name="testUpdateUser" time="2.813"/>
  <testcase classname="apiTestCases.UserTest" name="testDeleteUser" time="1.398"/>
</testsuite> <!-- Default test -->
