<?xml version="1.0" encoding="UTF-8"?>
<!-- Generated by org.testng.reporters.JUnitXMLReporter -->
<testsuite ignored="0" hostname="DESKTOP-KN0OTFM" failures="0" tests="4" name="Test" time="9.289" errors="0" timestamp="2024-03-04T18:22:40 IST">
  <testcase classname="apiTestCases.UserTest" name="testCreateUser" time="2.943"/>
  <testcase classname="apiTestCases.UserTest" name="testGetUserData" time="1.474"/>
  <testcase classname="apiTestCases.UserTest" name="testUpdateUser" time="2.785"/>
  <testcase classname="apiTestCases.UserTest" name="testDeleteUser" time="1.416"/>
</testsuite> <!-- Test -->
