<?xml version="1.0" encoding="UTF-8"?>
<testng-results ignored="0" total="4" passed="4" failed="0" skipped="0">
  <reporter-output>
  </reporter-output>
  <suite started-at="2024-03-04T18:22:31 IST" name="Suite" finished-at="2024-03-04T18:22:40 IST" duration-ms="9289">
    <groups>
    </groups>
    <test started-at="2024-03-04T18:22:31 IST" name="Test" finished-at="2024-03-04T18:22:40 IST" duration-ms="9289">
      <class name="apiTestCases.UserTest">
        <test-method is-config="true" signature="generateTestData()[pri:0, instance:apiTestCases.UserTest@4135c3b]" started-at="2024-03-04T18:22:31 IST" name="generateTestData" finished-at="2024-03-04T18:22:32 IST" duration-ms="477" status="PASS">
          <reporter-output>
          </reporter-output>
        </test-method> <!-- generateTestData -->
        <test-method signature="testCreateUser()[pri:1, instance:apiTestCases.UserTest@4135c3b]" started-at="2024-03-04T18:22:32 IST" name="testCreateUser" finished-at="2024-03-04T18:22:34 IST" duration-ms="2943" status="PASS">
          <reporter-output>
          </reporter-output>
        </test-method> <!-- testCreateUser -->
        <test-method signature="testGetUserData()[pri:2, instance:apiTestCases.UserTest@4135c3b]" started-at="2024-03-04T18:22:34 IST" name="testGetUserData" finished-at="2024-03-04T18:22:36 IST" duration-ms="1474" status="PASS">
          <reporter-output>
          </reporter-output>
        </test-method> <!-- testGetUserData -->
        <test-method signature="testUpdateUser()[pri:3, instance:apiTestCases.UserTest@4135c3b]" started-at="2024-03-04T18:22:36 IST" name="testUpdateUser" finished-at="2024-03-04T18:22:39 IST" duration-ms="2785" status="PASS">
          <reporter-output>
          </reporter-output>
        </test-method> <!-- testUpdateUser -->
        <test-method signature="testDeleteUser()[pri:4, instance:apiTestCases.UserTest@4135c3b]" started-at="2024-03-04T18:22:39 IST" name="testDeleteUser" finished-at="2024-03-04T18:22:40 IST" duration-ms="1416" status="PASS">
          <reporter-output>
          </reporter-output>
        </test-method> <!-- testDeleteUser -->
      </class> <!-- apiTestCases.UserTest -->
    </test> <!-- Test -->
  </suite> <!-- Suite -->
</testng-results>
